<?xml version="1.0" encoding="UTF-8"?>
<testng-results ignored="0" total="24" passed="24" failed="0" skipped="0">
  <reporter-output>
  </reporter-output>
  <suite started-at="2024-05-01T12:25:06 IST" name="Suite" finished-at="2024-05-01T12:29:09 IST" duration-ms="242863">
    <groups>
    </groups>
    <test started-at="2024-05-01T12:25:06 IST" name="Test1" finished-at="2024-05-01T12:27:04 IST" duration-ms="117947">
      <class name="Tests.OneCognizantTest">
        <test-method signature="gsdSearch()[pri:5, instance:Tests.OneCognizantTest@4b741d6d]" started-at="2024-05-01T12:25:57 IST" name="gsdSearch" finished-at="2024-05-01T12:26:03 IST" duration-ms="5848" status="PASS">
          <reporter-output>
          </reporter-output>
        </test-method> <!-- gsdSearch -->
        <test-method signature="welcomeMsgValidation()[pri:6, instance:Tests.OneCognizantTest@4b741d6d]" started-at="2024-05-01T12:26:03 IST" name="welcomeMsgValidation" finished-at="2024-05-01T12:26:13 IST" duration-ms="10728" status="PASS">
          <reporter-output>
          </reporter-output>
        </test-method> <!-- welcomeMsgValidation -->
        <test-method signature="validateDefaultCountry()[pri:7, instance:Tests.OneCognizantTest@4b741d6d]" started-at="2024-05-01T12:26:13 IST" name="validateDefaultCountry" finished-at="2024-05-01T12:26:14 IST" duration-ms="129" status="PASS">
          <reporter-output>
          </reporter-output>
        </test-method> <!-- validateDefaultCountry -->
        <test-method signature="validateDefaultLanguage()[pri:8, instance:Tests.OneCognizantTest@4b741d6d]" started-at="2024-05-01T12:26:14 IST" name="validateDefaultLanguage" finished-at="2024-05-01T12:26:14 IST" duration-ms="143" status="PASS">
          <reporter-output>
          </reporter-output>
        </test-method> <!-- validateDefaultLanguage -->
        <test-method signature="allLanguage()[pri:9, instance:Tests.OneCognizantTest@4b741d6d]" started-at="2024-05-01T12:26:14 IST" name="allLanguage" finished-at="2024-05-01T12:26:14 IST" duration-ms="764" status="PASS">
          <reporter-output>
          </reporter-output>
        </test-method> <!-- allLanguage -->
        <test-method signature="allCountry()[pri:10, instance:Tests.OneCognizantTest@4b741d6d]" started-at="2024-05-01T12:26:14 IST" name="allCountry" finished-at="2024-05-01T12:26:27 IST" duration-ms="12266" status="PASS">
          <reporter-output>
          </reporter-output>
        </test-method> <!-- allCountry -->
        <test-method signature="toolPins()[pri:11, instance:Tests.OneCognizantTest@4b741d6d]" started-at="2024-05-01T12:26:27 IST" name="toolPins" finished-at="2024-05-01T12:26:53 IST" duration-ms="26031" status="PASS">
          <reporter-output>
          </reporter-output>
        </test-method> <!-- toolPins -->
        <test-method signature="tearDown()[pri:12, instance:Tests.OneCognizantTest@4b741d6d]" started-at="2024-05-01T12:26:53 IST" name="tearDown" finished-at="2024-05-01T12:27:04 IST" duration-ms="11495" status="PASS">
          <reporter-output>
          </reporter-output>
        </test-method> <!-- tearDown -->
      </class> <!-- Tests.OneCognizantTest -->
      <class name="Tests.beCognizantTest">
        <test-method signature="setup(java.lang.String)[pri:1, instance:Tests.beCognizantTest@7526515b]" started-at="2024-05-01T12:25:07 IST" name="setup" finished-at="2024-05-01T12:25:21 IST" duration-ms="13625" status="PASS">
          <params>
            <param index="0">
              <value>
                <![CDATA[chrome]]>
              </value>
            </param>
          </params>
          <reporter-output>
          </reporter-output>
        </test-method> <!-- setup -->
        <test-method signature="userInformation()[pri:2, instance:Tests.beCognizantTest@7526515b]" started-at="2024-05-01T12:25:21 IST" name="userInformation" finished-at="2024-05-01T12:25:49 IST" duration-ms="27474" status="PASS">
          <reporter-output>
          </reporter-output>
        </test-method> <!-- userInformation -->
        <test-method signature="navigatingToOneCognizant()[pri:3, instance:Tests.beCognizantTest@7526515b]" started-at="2024-05-01T12:25:49 IST" name="navigatingToOneCognizant" finished-at="2024-05-01T12:25:56 IST" duration-ms="7075" status="PASS">
          <reporter-output>
          </reporter-output>
        </test-method> <!-- navigatingToOneCognizant -->
        <test-method signature="windowHandle()[pri:4, instance:Tests.beCognizantTest@7526515b]" started-at="2024-05-01T12:25:56 IST" name="windowHandle" finished-at="2024-05-01T12:25:57 IST" duration-ms="1166" status="PASS">
          <reporter-output>
          </reporter-output>
        </test-method> <!-- windowHandle -->
      </class> <!-- Tests.beCognizantTest -->
    </test> <!-- Test1 -->
    <test started-at="2024-05-01T12:27:07 IST" name="Test2" finished-at="2024-05-01T12:29:09 IST" duration-ms="122183">
      <class name="Tests.OneCognizantTest">
        <test-method signature="gsdSearch()[pri:5, instance:Tests.OneCognizantTest@5ddeb7cb]" started-at="2024-05-01T12:27:51 IST" name="gsdSearch" finished-at="2024-05-01T12:27:54 IST" duration-ms="2820" status="PASS">
          <reporter-output>
          </reporter-output>
        </test-method> <!-- gsdSearch -->
        <test-method signature="welcomeMsgValidation()[pri:6, instance:Tests.OneCognizantTest@5ddeb7cb]" started-at="2024-05-01T12:27:54 IST" name="welcomeMsgValidation" finished-at="2024-05-01T12:28:04 IST" duration-ms="10312" status="PASS">
          <reporter-output>
          </reporter-output>
        </test-method> <!-- welcomeMsgValidation -->
        <test-method signature="validateDefaultCountry()[pri:7, instance:Tests.OneCognizantTest@5ddeb7cb]" started-at="2024-05-01T12:28:04 IST" name="validateDefaultCountry" finished-at="2024-05-01T12:28:04 IST" duration-ms="64" status="PASS">
          <reporter-output>
          </reporter-output>
        </test-method> <!-- validateDefaultCountry -->
        <test-method signature="validateDefaultLanguage()[pri:8, instance:Tests.OneCognizantTest@5ddeb7cb]" started-at="2024-05-01T12:28:04 IST" name="validateDefaultLanguage" finished-at="2024-05-01T12:28:04 IST" duration-ms="62" status="PASS">
          <reporter-output>
          </reporter-output>
        </test-method> <!-- validateDefaultLanguage -->
        <test-method signature="allLanguage()[pri:9, instance:Tests.OneCognizantTest@5ddeb7cb]" started-at="2024-05-01T12:28:04 IST" name="allLanguage" finished-at="2024-05-01T12:28:05 IST" duration-ms="592" status="PASS">
          <reporter-output>
          </reporter-output>
        </test-method> <!-- allLanguage -->
        <test-method signature="allCountry()[pri:10, instance:Tests.OneCognizantTest@5ddeb7cb]" started-at="2024-05-01T12:28:05 IST" name="allCountry" finished-at="2024-05-01T12:28:18 IST" duration-ms="13207" status="PASS">
          <reporter-output>
          </reporter-output>
        </test-method> <!-- allCountry -->
        <test-method signature="toolPins()[pri:11, instance:Tests.OneCognizantTest@5ddeb7cb]" started-at="2024-05-01T12:28:18 IST" name="toolPins" finished-at="2024-05-01T12:28:55 IST" duration-ms="36970" status="PASS">
          <reporter-output>
          </reporter-output>
        </test-method> <!-- toolPins -->
        <test-method signature="tearDown()[pri:12, instance:Tests.OneCognizantTest@5ddeb7cb]" started-at="2024-05-01T12:28:55 IST" name="tearDown" finished-at="2024-05-01T12:29:09 IST" duration-ms="14108" status="PASS">
          <reporter-output>
          </reporter-output>
        </test-method> <!-- tearDown -->
      </class> <!-- Tests.OneCognizantTest -->
      <class name="Tests.beCognizantTest">
        <test-method signature="setup(java.lang.String)[pri:1, instance:Tests.beCognizantTest@24569dba]" started-at="2024-05-01T12:27:07 IST" name="setup" finished-at="2024-05-01T12:27:19 IST" duration-ms="11741" status="PASS">
          <params>
            <param index="0">
              <value>
                <![CDATA[edge]]>
              </value>
            </param>
          </params>
          <reporter-output>
          </reporter-output>
        </test-method> <!-- setup -->
        <test-method signature="userInformation()[pri:2, instance:Tests.beCognizantTest@24569dba]" started-at="2024-05-01T12:27:19 IST" name="userInformation" finished-at="2024-05-01T12:27:44 IST" duration-ms="25380" status="PASS">
          <reporter-output>
          </reporter-output>
        </test-method> <!-- userInformation -->
        <test-method signature="navigatingToOneCognizant()[pri:3, instance:Tests.beCognizantTest@24569dba]" started-at="2024-05-01T12:27:44 IST" name="navigatingToOneCognizant" finished-at="2024-05-01T12:27:51 IST" duration-ms="6698" status="PASS">
          <reporter-output>
          </reporter-output>
        </test-method> <!-- navigatingToOneCognizant -->
        <test-method signature="windowHandle()[pri:4, instance:Tests.beCognizantTest@24569dba]" started-at="2024-05-01T12:27:51 IST" name="windowHandle" finished-at="2024-05-01T12:27:51 IST" duration-ms="175" status="PASS">
          <reporter-output>
          </reporter-output>
        </test-method> <!-- windowHandle -->
      </class> <!-- Tests.beCognizantTest -->
    </test> <!-- Test2 -->
  </suite> <!-- Suite -->
</testng-results>
